2019-04-23 18:47:55,483 INFO org.apache.hadoop.hdfs.server.namenode.NameNode: STARTUP_MSG: 
/************************************************************
STARTUP_MSG: Starting NameNode
STARTUP_MSG:   host = master/192.168.178.37
STARTUP_MSG:   args = []
STARTUP_MSG:   version = 2.7.3
STARTUP_MSG:   classpath = /home/hadoop-2.7.3/etc/hadoop:/home/hadoop-2.7.3/share/hadoop/common/lib/jaxb-impl-2.2.3-1.jar:/home/hadoop-2.7.3/share/hadoop/common/lib/jaxb-api-2.2.2.jar:/home/hadoop-2.7.3/share/hadoop/common/lib/stax-api-1.0-2.jar:/home/hadoop-2.7.3/share/hadoop/common/lib/activation-1.1.jar:/home/hadoop-2.7.3/share/hadoop/common/lib/jackson-core-asl-1.9.13.jar:/home/hadoop-2.7.3/share/hadoop/common/lib/jackson-mapper-asl-1.9.13.jar:/home/hadoop-2.7.3/share/hadoop/common/lib/jackson-jaxrs-1.9.13.jar:/home/hadoop-2.7.3/share/hadoop/common/lib/jackson-xc-1.9.13.jar:/home/hadoop-2.7.3/share/hadoop/common/lib/jersey-server-1.9.jar:/home/hadoop-2.7.3/share/hadoop/common/lib/asm-3.2.jar:/home/hadoop-2.7.3/share/hadoop/common/lib/log4j-1.2.17.jar:/home/hadoop-2.7.3/share/hadoop/common/lib/jets3t-0.9.0.jar:/home/hadoop-2.7.3/share/hadoop/common/lib/httpclient-4.2.5.jar:/home/hadoop-2.7.3/share/hadoop/common/lib/httpcore-4.2.5.jar:/home/hadoop-2.7.3/share/hadoop/common/lib/java-xmlbuilder-0.4.jar:/home/hadoop-2.7.3/share/hadoop/common/lib/commons-lang-2.6.jar:/home/hadoop-2.7.3/share/hadoop/common/lib/commons-configuration-1.6.jar:/home/hadoop-2.7.3/share/hadoop/common/lib/commons-digester-1.8.jar:/home/hadoop-2.7.3/share/hadoop/common/lib/commons-beanutils-1.7.0.jar:/home/hadoop-2.7.3/share/hadoop/common/lib/commons-beanutils-core-1.8.0.jar:/home/hadoop-2.7.3/share/hadoop/common/lib/slf4j-api-1.7.10.jar:/home/hadoop-2.7.3/share/hadoop/common/lib/slf4j-log4j12-1.7.10.jar:/home/hadoop-2.7.3/share/hadoop/common/lib/avro-1.7.4.jar:/home/hadoop-2.7.3/share/hadoop/common/lib/paranamer-2.3.jar:/home/hadoop-2.7.3/share/hadoop/common/lib/snappy-java-1.0.4.1.jar:/home/hadoop-2.7.3/share/hadoop/common/lib/commons-compress-1.4.1.jar:/home/hadoop-2.7.3/share/hadoop/common/lib/xz-1.0.jar:/home/hadoop-2.7.3/share/hadoop/common/lib/protobuf-java-2.5.0.jar:/home/hadoop-2.7.3/share/hadoop/common/lib/gson-2.2.4.jar:/home/hadoop-2.7.3/share/hadoop/common/lib/hadoop-auth-2.7.3.jar:/home/hadoop-2.7.3/share/hadoop/common/lib/apacheds-kerberos-codec-2.0.0-M15.jar:/home/hadoop-2.7.3/share/hadoop/common/lib/apacheds-i18n-2.0.0-M15.jar:/home/hadoop-2.7.3/share/hadoop/common/lib/api-asn1-api-1.0.0-M20.jar:/home/hadoop-2.7.3/share/hadoop/common/lib/api-util-1.0.0-M20.jar:/home/hadoop-2.7.3/share/hadoop/common/lib/zookeeper-3.4.6.jar:/home/hadoop-2.7.3/share/hadoop/common/lib/netty-3.6.2.Final.jar:/home/hadoop-2.7.3/share/hadoop/common/lib/curator-framework-2.7.1.jar:/home/hadoop-2.7.3/share/hadoop/common/lib/curator-client-2.7.1.jar:/home/hadoop-2.7.3/share/hadoop/common/lib/jsch-0.1.42.jar:/home/hadoop-2.7.3/share/hadoop/common/lib/curator-recipes-2.7.1.jar:/home/hadoop-2.7.3/share/hadoop/common/lib/htrace-core-3.1.0-incubating.jar:/home/hadoop-2.7.3/share/hadoop/common/lib/junit-4.11.jar:/home/hadoop-2.7.3/share/hadoop/common/lib/hamcrest-core-1.3.jar:/home/hadoop-2.7.3/share/hadoop/common/lib/mockito-all-1.8.5.jar:/home/hadoop-2.7.3/share/hadoop/common/lib/hadoop-annotations-2.7.3.jar:/home/hadoop-2.7.3/share/hadoop/common/lib/guava-11.0.2.jar:/home/hadoop-2.7.3/share/hadoop/common/lib/jsr305-3.0.0.jar:/home/hadoop-2.7.3/share/hadoop/common/lib/commons-cli-1.2.jar:/home/hadoop-2.7.3/share/hadoop/common/lib/commons-math3-3.1.1.jar:/home/hadoop-2.7.3/share/hadoop/common/lib/xmlenc-0.52.jar:/home/hadoop-2.7.3/share/hadoop/common/lib/commons-httpclient-3.1.jar:/home/hadoop-2.7.3/share/hadoop/common/lib/commons-logging-1.1.3.jar:/home/hadoop-2.7.3/share/hadoop/common/lib/commons-codec-1.4.jar:/home/hadoop-2.7.3/share/hadoop/common/lib/commons-io-2.4.jar:/home/hadoop-2.7.3/share/hadoop/common/lib/commons-net-3.1.jar:/home/hadoop-2.7.3/share/hadoop/common/lib/commons-collections-3.2.2.jar:/home/hadoop-2.7.3/share/hadoop/common/lib/servlet-api-2.5.jar:/home/hadoop-2.7.3/share/hadoop/common/lib/jetty-6.1.26.jar:/home/hadoop-2.7.3/share/hadoop/common/lib/jetty-util-6.1.26.jar:/home/hadoop-2.7.3/share/hadoop/common/lib/jsp-api-2.1.jar:/home/hadoop-2.7.3/share/hadoop/common/lib/jersey-core-1.9.jar:/home/hadoop-2.7.3/share/hadoop/common/lib/jersey-json-1.9.jar:/home/hadoop-2.7.3/share/hadoop/common/lib/jettison-1.1.jar:/home/hadoop-2.7.3/share/hadoop/common/hadoop-common-2.7.3.jar:/home/hadoop-2.7.3/share/hadoop/common/hadoop-common-2.7.3-tests.jar:/home/hadoop-2.7.3/share/hadoop/common/hadoop-nfs-2.7.3.jar:/home/hadoop-2.7.3/share/hadoop/hdfs:/home/hadoop-2.7.3/share/hadoop/hdfs/lib/commons-codec-1.4.jar:/home/hadoop-2.7.3/share/hadoop/hdfs/lib/log4j-1.2.17.jar:/home/hadoop-2.7.3/share/hadoop/hdfs/lib/commons-logging-1.1.3.jar:/home/hadoop-2.7.3/share/hadoop/hdfs/lib/netty-3.6.2.Final.jar:/home/hadoop-2.7.3/share/hadoop/hdfs/lib/guava-11.0.2.jar:/home/hadoop-2.7.3/share/hadoop/hdfs/lib/jsr305-3.0.0.jar:/home/hadoop-2.7.3/share/hadoop/hdfs/lib/commons-cli-1.2.jar:/home/hadoop-2.7.3/share/hadoop/hdfs/lib/xmlenc-0.52.jar:/home/hadoop-2.7.3/share/hadoop/hdfs/lib/commons-io-2.4.jar:/home/hadoop-2.7.3/share/hadoop/hdfs/lib/servlet-api-2.5.jar:/home/hadoop-2.7.3/share/hadoop/hdfs/lib/jetty-6.1.26.jar:/home/hadoop-2.7.3/share/hadoop/hdfs/lib/jetty-util-6.1.26.jar:/home/hadoop-2.7.3/share/hadoop/hdfs/lib/jersey-core-1.9.jar:/home/hadoop-2.7.3/share/hadoop/hdfs/lib/jackson-core-asl-1.9.13.jar:/home/hadoop-2.7.3/share/hadoop/hdfs/lib/jackson-mapper-asl-1.9.13.jar:/home/hadoop-2.7.3/share/hadoop/hdfs/lib/jersey-server-1.9.jar:/home/hadoop-2.7.3/share/hadoop/hdfs/lib/asm-3.2.jar:/home/hadoop-2.7.3/share/hadoop/hdfs/lib/commons-lang-2.6.jar:/home/hadoop-2.7.3/share/hadoop/hdfs/lib/protobuf-java-2.5.0.jar:/home/hadoop-2.7.3/share/hadoop/hdfs/lib/htrace-core-3.1.0-incubating.jar:/home/hadoop-2.7.3/share/hadoop/hdfs/lib/commons-daemon-1.0.13.jar:/home/hadoop-2.7.3/share/hadoop/hdfs/lib/netty-all-4.0.23.Final.jar:/home/hadoop-2.7.3/share/hadoop/hdfs/lib/xercesImpl-2.9.1.jar:/home/hadoop-2.7.3/share/hadoop/hdfs/lib/xml-apis-1.3.04.jar:/home/hadoop-2.7.3/share/hadoop/hdfs/lib/leveldbjni-all-1.8.jar:/home/hadoop-2.7.3/share/hadoop/hdfs/hadoop-hdfs-2.7.3.jar:/home/hadoop-2.7.3/share/hadoop/hdfs/hadoop-hdfs-2.7.3-tests.jar:/home/hadoop-2.7.3/share/hadoop/hdfs/hadoop-hdfs-nfs-2.7.3.jar:/home/hadoop-2.7.3/share/hadoop/yarn/lib/zookeeper-3.4.6-tests.jar:/home/hadoop-2.7.3/share/hadoop/yarn/lib/commons-lang-2.6.jar:/home/hadoop-2.7.3/share/hadoop/yarn/lib/guava-11.0.2.jar:/home/hadoop-2.7.3/share/hadoop/yarn/lib/jsr305-3.0.0.jar:/home/hadoop-2.7.3/share/hadoop/yarn/lib/commons-logging-1.1.3.jar:/home/hadoop-2.7.3/share/hadoop/yarn/lib/protobuf-java-2.5.0.jar:/home/hadoop-2.7.3/share/hadoop/yarn/lib/commons-cli-1.2.jar:/home/hadoop-2.7.3/share/hadoop/yarn/lib/log4j-1.2.17.jar:/home/hadoop-2.7.3/share/hadoop/yarn/lib/jaxb-api-2.2.2.jar:/home/hadoop-2.7.3/share/hadoop/yarn/lib/stax-api-1.0-2.jar:/home/hadoop-2.7.3/share/hadoop/yarn/lib/activation-1.1.jar:/home/hadoop-2.7.3/share/hadoop/yarn/lib/commons-compress-1.4.1.jar:/home/hadoop-2.7.3/share/hadoop/yarn/lib/xz-1.0.jar:/home/hadoop-2.7.3/share/hadoop/yarn/lib/servlet-api-2.5.jar:/home/hadoop-2.7.3/share/hadoop/yarn/lib/commons-codec-1.4.jar:/home/hadoop-2.7.3/share/hadoop/yarn/lib/jetty-util-6.1.26.jar:/home/hadoop-2.7.3/share/hadoop/yarn/lib/jersey-core-1.9.jar:/home/hadoop-2.7.3/share/hadoop/yarn/lib/jersey-client-1.9.jar:/home/hadoop-2.7.3/share/hadoop/yarn/lib/jackson-core-asl-1.9.13.jar:/home/hadoop-2.7.3/share/hadoop/yarn/lib/jackson-mapper-asl-1.9.13.jar:/home/hadoop-2.7.3/share/hadoop/yarn/lib/jackson-jaxrs-1.9.13.jar:/home/hadoop-2.7.3/share/hadoop/yarn/lib/jackson-xc-1.9.13.jar:/home/hadoop-2.7.3/share/hadoop/yarn/lib/guice-servlet-3.0.jar:/home/hadoop-2.7.3/share/hadoop/yarn/lib/guice-3.0.jar:/home/hadoop-2.7.3/share/hadoop/yarn/lib/javax.inject-1.jar:/home/hadoop-2.7.3/share/hadoop/yarn/lib/aopalliance-1.0.jar:/home/hadoop-2.7.3/share/hadoop/yarn/lib/commons-io-2.4.jar:/home/hadoop-2.7.3/share/hadoop/yarn/lib/jersey-server-1.9.jar:/home/hadoop-2.7.3/share/hadoop/yarn/lib/asm-3.2.jar:/home/hadoop-2.7.3/share/hadoop/yarn/lib/jersey-json-1.9.jar:/home/hadoop-2.7.3/share/hadoop/yarn/lib/jettison-1.1.jar:/home/hadoop-2.7.3/share/hadoop/yarn/lib/jaxb-impl-2.2.3-1.jar:/home/hadoop-2.7.3/share/hadoop/yarn/lib/jersey-guice-1.9.jar:/home/hadoop-2.7.3/share/hadoop/yarn/lib/zookeeper-3.4.6.jar:/home/hadoop-2.7.3/share/hadoop/yarn/lib/netty-3.6.2.Final.jar:/home/hadoop-2.7.3/share/hadoop/yarn/lib/leveldbjni-all-1.8.jar:/home/hadoop-2.7.3/share/hadoop/yarn/lib/commons-collections-3.2.2.jar:/home/hadoop-2.7.3/share/hadoop/yarn/lib/jetty-6.1.26.jar:/home/hadoop-2.7.3/share/hadoop/yarn/hadoop-yarn-api-2.7.3.jar:/home/hadoop-2.7.3/share/hadoop/yarn/hadoop-yarn-common-2.7.3.jar:/home/hadoop-2.7.3/share/hadoop/yarn/hadoop-yarn-server-common-2.7.3.jar:/home/hadoop-2.7.3/share/hadoop/yarn/hadoop-yarn-server-nodemanager-2.7.3.jar:/home/hadoop-2.7.3/share/hadoop/yarn/hadoop-yarn-server-web-proxy-2.7.3.jar:/home/hadoop-2.7.3/share/hadoop/yarn/hadoop-yarn-server-applicationhistoryservice-2.7.3.jar:/home/hadoop-2.7.3/share/hadoop/yarn/hadoop-yarn-server-resourcemanager-2.7.3.jar:/home/hadoop-2.7.3/share/hadoop/yarn/hadoop-yarn-server-tests-2.7.3.jar:/home/hadoop-2.7.3/share/hadoop/yarn/hadoop-yarn-client-2.7.3.jar:/home/hadoop-2.7.3/share/hadoop/yarn/hadoop-yarn-server-sharedcachemanager-2.7.3.jar:/home/hadoop-2.7.3/share/hadoop/yarn/hadoop-yarn-applications-distributedshell-2.7.3.jar:/home/hadoop-2.7.3/share/hadoop/yarn/hadoop-yarn-applications-unmanaged-am-launcher-2.7.3.jar:/home/hadoop-2.7.3/share/hadoop/yarn/hadoop-yarn-registry-2.7.3.jar:/home/hadoop-2.7.3/share/hadoop/mapreduce/lib/protobuf-java-2.5.0.jar:/home/hadoop-2.7.3/share/hadoop/mapreduce/lib/avro-1.7.4.jar:/home/hadoop-2.7.3/share/hadoop/mapreduce/lib/jackson-core-asl-1.9.13.jar:/home/hadoop-2.7.3/share/hadoop/mapreduce/lib/jackson-mapper-asl-1.9.13.jar:/home/hadoop-2.7.3/share/hadoop/mapreduce/lib/paranamer-2.3.jar:/home/hadoop-2.7.3/share/hadoop/mapreduce/lib/snappy-java-1.0.4.1.jar:/home/hadoop-2.7.3/share/hadoop/mapreduce/lib/commons-compress-1.4.1.jar:/home/hadoop-2.7.3/share/hadoop/mapreduce/lib/xz-1.0.jar:/home/hadoop-2.7.3/share/hadoop/mapreduce/lib/hadoop-annotations-2.7.3.jar:/home/hadoop-2.7.3/share/hadoop/mapreduce/lib/commons-io-2.4.jar:/home/hadoop-2.7.3/share/hadoop/mapreduce/lib/jersey-core-1.9.jar:/home/hadoop-2.7.3/share/hadoop/mapreduce/lib/jersey-server-1.9.jar:/home/hadoop-2.7.3/share/hadoop/mapreduce/lib/asm-3.2.jar:/home/hadoop-2.7.3/share/hadoop/mapreduce/lib/log4j-1.2.17.jar:/home/hadoop-2.7.3/share/hadoop/mapreduce/lib/netty-3.6.2.Final.jar:/home/hadoop-2.7.3/share/hadoop/mapreduce/lib/leveldbjni-all-1.8.jar:/home/hadoop-2.7.3/share/hadoop/mapreduce/lib/guice-3.0.jar:/home/hadoop-2.7.3/share/hadoop/mapreduce/lib/javax.inject-1.jar:/home/hadoop-2.7.3/share/hadoop/mapreduce/lib/aopalliance-1.0.jar:/home/hadoop-2.7.3/share/hadoop/mapreduce/lib/jersey-guice-1.9.jar:/home/hadoop-2.7.3/share/hadoop/mapreduce/lib/guice-servlet-3.0.jar:/home/hadoop-2.7.3/share/hadoop/mapreduce/lib/junit-4.11.jar:/home/hadoop-2.7.3/share/hadoop/mapreduce/lib/hamcrest-core-1.3.jar:/home/hadoop-2.7.3/share/hadoop/mapreduce/hadoop-mapreduce-client-core-2.7.3.jar:/home/hadoop-2.7.3/share/hadoop/mapreduce/hadoop-mapreduce-client-common-2.7.3.jar:/home/hadoop-2.7.3/share/hadoop/mapreduce/hadoop-mapreduce-client-shuffle-2.7.3.jar:/home/hadoop-2.7.3/share/hadoop/mapreduce/hadoop-mapreduce-client-app-2.7.3.jar:/home/hadoop-2.7.3/share/hadoop/mapreduce/hadoop-mapreduce-client-hs-2.7.3.jar:/home/hadoop-2.7.3/share/hadoop/mapreduce/hadoop-mapreduce-client-jobclient-2.7.3.jar:/home/hadoop-2.7.3/share/hadoop/mapreduce/hadoop-mapreduce-client-hs-plugins-2.7.3.jar:/home/hadoop-2.7.3/share/hadoop/mapreduce/hadoop-mapreduce-examples-2.7.3.jar:/home/hadoop-2.7.3/share/hadoop/mapreduce/hadoop-mapreduce-client-jobclient-2.7.3-tests.jar:/home/hadoop-2.7.3/contrib/capacity-scheduler/*.jar:/home/hadoop-2.7.3/contrib/capacity-scheduler/*.jar:/home/hadoop-2.7.3/contrib/capacity-scheduler/*.jar
STARTUP_MSG:   build = https://git-wip-us.apache.org/repos/asf/hadoop.git -r baa91f7c6bc9cb92be5982de4719c1c8af91ccff; compiled by 'root' on 2016-08-18T01:41Z
STARTUP_MSG:   java = 1.8.0_101
************************************************************/
2019-04-23 18:47:55,489 INFO org.apache.hadoop.hdfs.server.namenode.NameNode: registered UNIX signal handlers for [TERM, HUP, INT]
2019-04-23 18:47:55,496 INFO org.apache.hadoop.hdfs.server.namenode.NameNode: createNameNode []
2019-04-23 18:47:55,849 INFO org.apache.hadoop.metrics2.impl.MetricsConfig: loaded properties from hadoop-metrics2.properties
2019-04-23 18:47:55,951 INFO org.apache.hadoop.metrics2.impl.MetricsSystemImpl: Scheduled snapshot period at 10 second(s).
2019-04-23 18:47:55,951 INFO org.apache.hadoop.metrics2.impl.MetricsSystemImpl: NameNode metrics system started
2019-04-23 18:47:55,955 INFO org.apache.hadoop.hdfs.server.namenode.NameNode: fs.defaultFS is hdfs://master:9000
2019-04-23 18:47:55,955 INFO org.apache.hadoop.hdfs.server.namenode.NameNode: Clients are to use master:9000 to access this namenode/service.
2019-04-23 18:47:56,019 WARN org.apache.hadoop.util.NativeCodeLoader: Unable to load native-hadoop library for your platform... using builtin-java classes where applicable
2019-04-23 18:47:56,176 INFO org.apache.hadoop.hdfs.DFSUtil: Starting Web-server for hdfs at: http://0.0.0.0:50070
2019-04-23 18:47:56,226 INFO org.mortbay.log: Logging to org.slf4j.impl.Log4jLoggerAdapter(org.mortbay.log) via org.mortbay.log.Slf4jLog
2019-04-23 18:47:56,235 INFO org.apache.hadoop.security.authentication.server.AuthenticationFilter: Unable to initialize FileSignerSecretProvider, falling back to use random secrets.
2019-04-23 18:47:56,241 INFO org.apache.hadoop.http.HttpRequestLog: Http request log for http.requests.namenode is not defined
2019-04-23 18:47:56,245 INFO org.apache.hadoop.http.HttpServer2: Added global filter 'safety' (class=org.apache.hadoop.http.HttpServer2$QuotingInputFilter)
2019-04-23 18:47:56,247 INFO org.apache.hadoop.http.HttpServer2: Added filter static_user_filter (class=org.apache.hadoop.http.lib.StaticUserWebFilter$StaticUserFilter) to context hdfs
2019-04-23 18:47:56,247 INFO org.apache.hadoop.http.HttpServer2: Added filter static_user_filter (class=org.apache.hadoop.http.lib.StaticUserWebFilter$StaticUserFilter) to context logs
2019-04-23 18:47:56,247 INFO org.apache.hadoop.http.HttpServer2: Added filter static_user_filter (class=org.apache.hadoop.http.lib.StaticUserWebFilter$StaticUserFilter) to context static
2019-04-23 18:47:56,379 INFO org.apache.hadoop.http.HttpServer2: Added filter 'org.apache.hadoop.hdfs.web.AuthFilter' (class=org.apache.hadoop.hdfs.web.AuthFilter)
2019-04-23 18:47:56,385 INFO org.apache.hadoop.http.HttpServer2: addJerseyResourcePackage: packageName=org.apache.hadoop.hdfs.server.namenode.web.resources;org.apache.hadoop.hdfs.web.resources, pathSpec=/webhdfs/v1/*
2019-04-23 18:47:56,399 INFO org.apache.hadoop.http.HttpServer2: Jetty bound to port 50070
2019-04-23 18:47:56,399 INFO org.mortbay.log: jetty-6.1.26
2019-04-23 18:47:56,545 INFO org.mortbay.log: Started HttpServer2$SelectChannelConnectorWithSafeStartup@0.0.0.0:50070
2019-04-23 18:47:56,583 WARN org.apache.hadoop.hdfs.server.common.Util: Path /home/mldk/hadoop-2.7.3/namenode should be specified as a URI in configuration files. Please update hdfs configuration.
2019-04-23 18:47:56,583 WARN org.apache.hadoop.hdfs.server.common.Util: Path /home/mldk/hadoop-2.7.3/namenode should be specified as a URI in configuration files. Please update hdfs configuration.
2019-04-23 18:47:56,583 WARN org.apache.hadoop.hdfs.server.namenode.FSNamesystem: Only one image storage directory (dfs.namenode.name.dir) configured. Beware of data loss due to lack of redundant storage directories!
2019-04-23 18:47:56,583 WARN org.apache.hadoop.hdfs.server.namenode.FSNamesystem: Only one namespace edits storage directory (dfs.namenode.edits.dir) configured. Beware of data loss due to lack of redundant storage directories!
2019-04-23 18:47:56,587 WARN org.apache.hadoop.hdfs.server.common.Util: Path /home/mldk/hadoop-2.7.3/namenode should be specified as a URI in configuration files. Please update hdfs configuration.
2019-04-23 18:47:56,587 WARN org.apache.hadoop.hdfs.server.common.Util: Path /home/mldk/hadoop-2.7.3/namenode should be specified as a URI in configuration files. Please update hdfs configuration.
2019-04-23 18:47:56,627 INFO org.apache.hadoop.hdfs.server.namenode.FSNamesystem: No KeyProvider found.
2019-04-23 18:47:56,627 INFO org.apache.hadoop.hdfs.server.namenode.FSNamesystem: fsLock is fair:true
2019-04-23 18:47:56,668 INFO org.apache.hadoop.hdfs.server.blockmanagement.DatanodeManager: dfs.block.invalidate.limit=1000
2019-04-23 18:47:56,668 INFO org.apache.hadoop.hdfs.server.blockmanagement.DatanodeManager: dfs.namenode.datanode.registration.ip-hostname-check=true
2019-04-23 18:47:56,670 INFO org.apache.hadoop.hdfs.server.blockmanagement.BlockManager: dfs.namenode.startup.delay.block.deletion.sec is set to 000:00:00:00.000
2019-04-23 18:47:56,670 INFO org.apache.hadoop.hdfs.server.blockmanagement.BlockManager: The block deletion will start around 2019 Apr 23 18:47:56
2019-04-23 18:47:56,671 INFO org.apache.hadoop.util.GSet: Computing capacity for map BlocksMap
2019-04-23 18:47:56,671 INFO org.apache.hadoop.util.GSet: VM type       = 32-bit
2019-04-23 18:47:56,673 INFO org.apache.hadoop.util.GSet: 2.0% max memory 966.7 MB = 19.3 MB
2019-04-23 18:47:56,673 INFO org.apache.hadoop.util.GSet: capacity      = 2^22 = 4194304 entries
2019-04-23 18:47:56,704 INFO org.apache.hadoop.hdfs.server.blockmanagement.BlockManager: dfs.block.access.token.enable=false
2019-04-23 18:47:56,704 INFO org.apache.hadoop.hdfs.server.blockmanagement.BlockManager: defaultReplication         = 2
2019-04-23 18:47:56,704 INFO org.apache.hadoop.hdfs.server.blockmanagement.BlockManager: maxReplication             = 512
2019-04-23 18:47:56,704 INFO org.apache.hadoop.hdfs.server.blockmanagement.BlockManager: minReplication             = 1
2019-04-23 18:47:56,704 INFO org.apache.hadoop.hdfs.server.blockmanagement.BlockManager: maxReplicationStreams      = 2
2019-04-23 18:47:56,704 INFO org.apache.hadoop.hdfs.server.blockmanagement.BlockManager: replicationRecheckInterval = 3000
2019-04-23 18:47:56,705 INFO org.apache.hadoop.hdfs.server.blockmanagement.BlockManager: encryptDataTransfer        = false
2019-04-23 18:47:56,705 INFO org.apache.hadoop.hdfs.server.blockmanagement.BlockManager: maxNumBlocksToLog          = 1000
2019-04-23 18:47:56,710 INFO org.apache.hadoop.hdfs.server.namenode.FSNamesystem: fsOwner             = mldk (auth:SIMPLE)
2019-04-23 18:47:56,710 INFO org.apache.hadoop.hdfs.server.namenode.FSNamesystem: supergroup          = supergroup
2019-04-23 18:47:56,710 INFO org.apache.hadoop.hdfs.server.namenode.FSNamesystem: isPermissionEnabled = false
2019-04-23 18:47:56,710 INFO org.apache.hadoop.hdfs.server.namenode.FSNamesystem: HA Enabled: false
2019-04-23 18:47:56,711 INFO org.apache.hadoop.hdfs.server.namenode.FSNamesystem: Append Enabled: true
2019-04-23 18:47:56,862 INFO org.apache.hadoop.util.GSet: Computing capacity for map INodeMap
2019-04-23 18:47:56,862 INFO org.apache.hadoop.util.GSet: VM type       = 32-bit
2019-04-23 18:47:56,862 INFO org.apache.hadoop.util.GSet: 1.0% max memory 966.7 MB = 9.7 MB
2019-04-23 18:47:56,862 INFO org.apache.hadoop.util.GSet: capacity      = 2^21 = 2097152 entries
2019-04-23 18:47:56,888 INFO org.apache.hadoop.hdfs.server.namenode.FSDirectory: ACLs enabled? false
2019-04-23 18:47:56,888 INFO org.apache.hadoop.hdfs.server.namenode.FSDirectory: XAttrs enabled? true
2019-04-23 18:47:56,888 INFO org.apache.hadoop.hdfs.server.namenode.FSDirectory: Maximum size of an xattr: 16384
2019-04-23 18:47:56,888 INFO org.apache.hadoop.hdfs.server.namenode.NameNode: Caching file names occuring more than 10 times
2019-04-23 18:47:56,894 INFO org.apache.hadoop.util.GSet: Computing capacity for map cachedBlocks
2019-04-23 18:47:56,894 INFO org.apache.hadoop.util.GSet: VM type       = 32-bit
2019-04-23 18:47:56,894 INFO org.apache.hadoop.util.GSet: 0.25% max memory 966.7 MB = 2.4 MB
2019-04-23 18:47:56,894 INFO org.apache.hadoop.util.GSet: capacity      = 2^19 = 524288 entries
2019-04-23 18:47:56,898 INFO org.apache.hadoop.hdfs.server.namenode.FSNamesystem: dfs.namenode.safemode.threshold-pct = 0.9990000128746033
2019-04-23 18:47:56,898 INFO org.apache.hadoop.hdfs.server.namenode.FSNamesystem: dfs.namenode.safemode.min.datanodes = 0
2019-04-23 18:47:56,898 INFO org.apache.hadoop.hdfs.server.namenode.FSNamesystem: dfs.namenode.safemode.extension     = 30000
2019-04-23 18:47:56,900 INFO org.apache.hadoop.hdfs.server.namenode.top.metrics.TopMetrics: NNTop conf: dfs.namenode.top.window.num.buckets = 10
2019-04-23 18:47:56,900 INFO org.apache.hadoop.hdfs.server.namenode.top.metrics.TopMetrics: NNTop conf: dfs.namenode.top.num.users = 10
2019-04-23 18:47:56,901 INFO org.apache.hadoop.hdfs.server.namenode.top.metrics.TopMetrics: NNTop conf: dfs.namenode.top.windows.minutes = 1,5,25
2019-04-23 18:47:56,901 INFO org.apache.hadoop.hdfs.server.namenode.FSNamesystem: Retry cache on namenode is enabled
2019-04-23 18:47:56,901 INFO org.apache.hadoop.hdfs.server.namenode.FSNamesystem: Retry cache will use 0.03 of total heap and retry cache entry expiry time is 600000 millis
2019-04-23 18:47:56,903 INFO org.apache.hadoop.util.GSet: Computing capacity for map NameNodeRetryCache
2019-04-23 18:47:56,903 INFO org.apache.hadoop.util.GSet: VM type       = 32-bit
2019-04-23 18:47:56,903 INFO org.apache.hadoop.util.GSet: 0.029999999329447746% max memory 966.7 MB = 297.0 KB
2019-04-23 18:47:56,903 INFO org.apache.hadoop.util.GSet: capacity      = 2^16 = 65536 entries
2019-04-23 18:47:56,919 INFO org.apache.hadoop.hdfs.server.common.Storage: Lock on /home/mldk/hadoop-2.7.3/namenode/in_use.lock acquired by nodename 7011@master
2019-04-23 18:47:56,979 INFO org.apache.hadoop.hdfs.server.namenode.FileJournalManager: Recovering unfinalized segments in /home/mldk/hadoop-2.7.3/namenode/current
2019-04-23 18:47:56,979 INFO org.apache.hadoop.hdfs.server.namenode.FSImage: No edit log streams selected.
2019-04-23 18:47:56,979 INFO org.apache.hadoop.hdfs.server.namenode.FSImage: Planning to load image: FSImageFile(file=/home/mldk/hadoop-2.7.3/namenode/current/fsimage_0000000000000000000, cpktTxId=0000000000000000000)
2019-04-23 18:47:57,010 INFO org.apache.hadoop.hdfs.server.namenode.FSImageFormatPBINode: Loading 1 INodes.
2019-04-23 18:47:57,035 INFO org.apache.hadoop.hdfs.server.namenode.FSImageFormatProtobuf: Loaded FSImage in 0 seconds.
2019-04-23 18:47:57,035 INFO org.apache.hadoop.hdfs.server.namenode.FSImage: Loaded image for txid 0 from /home/mldk/hadoop-2.7.3/namenode/current/fsimage_0000000000000000000
2019-04-23 18:47:57,043 INFO org.apache.hadoop.hdfs.server.namenode.FSNamesystem: Need to save fs image? false (staleImage=false, haEnabled=false, isRollingUpgrade=false)
2019-04-23 18:47:57,043 INFO org.apache.hadoop.hdfs.server.namenode.FSEditLog: Starting log segment at 1
2019-04-23 18:47:57,128 INFO org.apache.hadoop.hdfs.server.namenode.NameCache: initialized with 0 entries 0 lookups
2019-04-23 18:47:57,128 INFO org.apache.hadoop.hdfs.server.namenode.FSNamesystem: Finished loading FSImage in 220 msecs
2019-04-23 18:47:57,282 INFO org.apache.hadoop.hdfs.server.namenode.NameNode: RPC server is binding to master:9000
2019-04-23 18:47:57,287 INFO org.apache.hadoop.ipc.CallQueueManager: Using callQueue class java.util.concurrent.LinkedBlockingQueue
2019-04-23 18:47:57,298 INFO org.apache.hadoop.ipc.Server: Starting Socket Reader #1 for port 9000
2019-04-23 18:47:57,319 INFO org.apache.hadoop.hdfs.server.namenode.FSNamesystem: Registered FSNamesystemState MBean
2019-04-23 18:47:57,319 WARN org.apache.hadoop.hdfs.server.common.Util: Path /home/mldk/hadoop-2.7.3/namenode should be specified as a URI in configuration files. Please update hdfs configuration.
2019-04-23 18:47:57,328 INFO org.apache.hadoop.hdfs.server.namenode.LeaseManager: Number of blocks under construction: 0
2019-04-23 18:47:57,328 INFO org.apache.hadoop.hdfs.server.namenode.LeaseManager: Number of blocks under construction: 0
2019-04-23 18:47:57,328 INFO org.apache.hadoop.hdfs.server.namenode.FSNamesystem: initializing replication queues
2019-04-23 18:47:57,328 INFO org.apache.hadoop.hdfs.StateChange: STATE* Leaving safe mode after 0 secs
2019-04-23 18:47:57,328 INFO org.apache.hadoop.hdfs.StateChange: STATE* Network topology has 0 racks and 0 datanodes
2019-04-23 18:47:57,328 INFO org.apache.hadoop.hdfs.StateChange: STATE* UnderReplicatedBlocks has 0 blocks
2019-04-23 18:47:57,350 INFO org.apache.hadoop.hdfs.server.blockmanagement.DatanodeDescriptor: Number of failed storage changes from 0 to 0
2019-04-23 18:47:57,371 INFO org.apache.hadoop.hdfs.server.blockmanagement.BlockManager: Total number of blocks            = 0
2019-04-23 18:47:57,371 INFO org.apache.hadoop.hdfs.server.blockmanagement.BlockManager: Number of invalid blocks          = 0
2019-04-23 18:47:57,371 INFO org.apache.hadoop.hdfs.server.blockmanagement.BlockManager: Number of under-replicated blocks = 0
2019-04-23 18:47:57,371 INFO org.apache.hadoop.hdfs.server.blockmanagement.BlockManager: Number of  over-replicated blocks = 0
2019-04-23 18:47:57,371 INFO org.apache.hadoop.hdfs.server.blockmanagement.BlockManager: Number of blocks being written    = 0
2019-04-23 18:47:57,371 INFO org.apache.hadoop.hdfs.StateChange: STATE* Replication Queue initialization scan for invalid, over- and under-replicated blocks completed in 42 msec
2019-04-23 18:47:57,382 INFO org.apache.hadoop.ipc.Server: IPC Server Responder: starting
2019-04-23 18:47:57,383 INFO org.apache.hadoop.ipc.Server: IPC Server listener on 9000: starting
2019-04-23 18:47:57,385 INFO org.apache.hadoop.hdfs.server.namenode.NameNode: NameNode RPC up at: master/192.168.178.37:9000
2019-04-23 18:47:57,385 INFO org.apache.hadoop.hdfs.server.namenode.FSNamesystem: Starting services required for active state
2019-04-23 18:47:57,390 INFO org.apache.hadoop.hdfs.server.blockmanagement.CacheReplicationMonitor: Starting CacheReplicationMonitor with interval 30000 milliseconds
2019-04-23 18:48:42,474 INFO org.apache.hadoop.hdfs.StateChange: BLOCK* registerDatanode: from DatanodeRegistration(192.168.178.37:50010, datanodeUuid=65eda6d8-f584-4190-85f0-9146394db14e, infoPort=50075, infoSecurePort=0, ipcPort=50020, storageInfo=lv=-56;cid=CID-c6975e7b-5169-483f-89cf-bbcabdcf5460;nsid=2027304554;c=0) storage 65eda6d8-f584-4190-85f0-9146394db14e
2019-04-23 18:48:42,474 INFO org.apache.hadoop.hdfs.server.blockmanagement.DatanodeDescriptor: Number of failed storage changes from 0 to 0
2019-04-23 18:48:42,475 INFO org.apache.hadoop.net.NetworkTopology: Adding a new node: /default-rack/192.168.178.37:50010
2019-04-23 18:48:42,563 INFO org.apache.hadoop.hdfs.server.blockmanagement.DatanodeDescriptor: Number of failed storage changes from 0 to 0
2019-04-23 18:48:42,564 INFO org.apache.hadoop.hdfs.server.blockmanagement.DatanodeDescriptor: Adding new storage ID DS-35ce2b43-3217-420e-9a6f-efda380f3758 for DN 192.168.178.37:50010
2019-04-23 18:48:42,616 INFO BlockStateChange: BLOCK* processReport: from storage DS-35ce2b43-3217-420e-9a6f-efda380f3758 node DatanodeRegistration(192.168.178.37:50010, datanodeUuid=65eda6d8-f584-4190-85f0-9146394db14e, infoPort=50075, infoSecurePort=0, ipcPort=50020, storageInfo=lv=-56;cid=CID-c6975e7b-5169-483f-89cf-bbcabdcf5460;nsid=2027304554;c=0), blocks: 0, hasStaleStorage: false, processing time: 1 msecs
2019-04-23 19:27:55,486 INFO BlockStateChange: BLOCK* processReport: from storage DS-35ce2b43-3217-420e-9a6f-efda380f3758 node DatanodeRegistration(192.168.178.37:50010, datanodeUuid=65eda6d8-f584-4190-85f0-9146394db14e, infoPort=50075, infoSecurePort=0, ipcPort=50020, storageInfo=lv=-56;cid=CID-c6975e7b-5169-483f-89cf-bbcabdcf5460;nsid=2027304554;c=0), blocks: 0, hasStaleStorage: false, processing time: 3 msecs
2019-04-23 19:35:06,521 INFO org.apache.hadoop.hdfs.StateChange: BLOCK* registerDatanode: from DatanodeRegistration(192.168.178.40:50010, datanodeUuid=88e325c4-6cca-4a8a-9ede-78ac787be95a, infoPort=50075, infoSecurePort=0, ipcPort=50020, storageInfo=lv=-56;cid=CID-c6975e7b-5169-483f-89cf-bbcabdcf5460;nsid=2027304554;c=0) storage 88e325c4-6cca-4a8a-9ede-78ac787be95a
2019-04-23 19:35:06,521 INFO org.apache.hadoop.hdfs.server.blockmanagement.DatanodeDescriptor: Number of failed storage changes from 0 to 0
2019-04-23 19:35:06,521 INFO org.apache.hadoop.net.NetworkTopology: Adding a new node: /default-rack/192.168.178.40:50010
2019-04-23 19:35:06,556 INFO org.apache.hadoop.hdfs.server.blockmanagement.DatanodeDescriptor: Number of failed storage changes from 0 to 0
2019-04-23 19:35:06,556 INFO org.apache.hadoop.hdfs.server.blockmanagement.DatanodeDescriptor: Adding new storage ID DS-7eb1927a-504d-41d9-a3b4-fb2d5e68380d for DN 192.168.178.40:50010
2019-04-23 19:35:06,575 INFO BlockStateChange: BLOCK* processReport: from storage DS-7eb1927a-504d-41d9-a3b4-fb2d5e68380d node DatanodeRegistration(192.168.178.40:50010, datanodeUuid=88e325c4-6cca-4a8a-9ede-78ac787be95a, infoPort=50075, infoSecurePort=0, ipcPort=50020, storageInfo=lv=-56;cid=CID-c6975e7b-5169-483f-89cf-bbcabdcf5460;nsid=2027304554;c=0), blocks: 0, hasStaleStorage: false, processing time: 0 msecs
2019-04-23 19:36:15,914 INFO org.apache.hadoop.hdfs.server.namenode.FSNamesystem: Roll Edit Log from 192.168.178.37
2019-04-23 19:36:15,914 INFO org.apache.hadoop.hdfs.server.namenode.FSEditLog: Rolling edit logs
2019-04-23 19:36:15,914 INFO org.apache.hadoop.hdfs.server.namenode.FSEditLog: Ending log segment 1
2019-04-23 19:36:15,915 INFO org.apache.hadoop.hdfs.server.namenode.FSEditLog: Number of transactions: 2 Total time for transactions(ms): 0 Number of transactions batched in Syncs: 0 Number of syncs: 2 SyncTimes(ms): 7 
2019-04-23 19:36:15,916 INFO org.apache.hadoop.hdfs.server.namenode.FSEditLog: Number of transactions: 2 Total time for transactions(ms): 0 Number of transactions batched in Syncs: 0 Number of syncs: 3 SyncTimes(ms): 8 
2019-04-23 19:36:15,918 INFO org.apache.hadoop.hdfs.server.namenode.FileJournalManager: Finalizing edits file /home/mldk/hadoop-2.7.3/namenode/current/edits_inprogress_0000000000000000001 -> /home/mldk/hadoop-2.7.3/namenode/current/edits_0000000000000000001-0000000000000000002
2019-04-23 19:36:15,919 INFO org.apache.hadoop.hdfs.server.namenode.FSEditLog: Starting log segment at 3
2019-04-23 19:36:16,606 INFO org.apache.hadoop.hdfs.server.namenode.TransferFsImage: Transfer took 0,00s at 0,00 KB/s
2019-04-23 19:36:16,606 INFO org.apache.hadoop.hdfs.server.namenode.TransferFsImage: Downloaded file fsimage.ckpt_0000000000000000002 size 351 bytes.
2019-04-23 19:36:16,611 INFO org.apache.hadoop.hdfs.server.namenode.NNStorageRetentionManager: Going to retain 2 images with txid >= 0
2019-04-23 19:46:08,909 ERROR org.apache.hadoop.hdfs.server.namenode.NameNode: RECEIVED SIGNAL 15: SIGTERM
2019-04-23 19:46:09,100 INFO org.apache.hadoop.hdfs.server.namenode.NameNode: SHUTDOWN_MSG: 
/************************************************************
SHUTDOWN_MSG: Shutting down NameNode at master/192.168.178.37
************************************************************/
