2019-04-23 18:49:37,047 INFO org.apache.hadoop.yarn.server.resourcemanager.ResourceManager: STARTUP_MSG: 
/************************************************************
STARTUP_MSG: Starting ResourceManager
STARTUP_MSG:   host = master/192.168.178.37
STARTUP_MSG:   args = []
STARTUP_MSG:   version = 2.7.3
STARTUP_MSG:   classpath = /home/hadoop-2.7.3/etc/hadoop:/home/hadoop-2.7.3/etc/hadoop:/home/hadoop-2.7.3/etc/hadoop:/home/hadoop-2.7.3/share/hadoop/common/lib/jaxb-impl-2.2.3-1.jar:/home/hadoop-2.7.3/share/hadoop/common/lib/jaxb-api-2.2.2.jar:/home/hadoop-2.7.3/share/hadoop/common/lib/stax-api-1.0-2.jar:/home/hadoop-2.7.3/share/hadoop/common/lib/activation-1.1.jar:/home/hadoop-2.7.3/share/hadoop/common/lib/jackson-core-asl-1.9.13.jar:/home/hadoop-2.7.3/share/hadoop/common/lib/jackson-mapper-asl-1.9.13.jar:/home/hadoop-2.7.3/share/hadoop/common/lib/jackson-jaxrs-1.9.13.jar:/home/hadoop-2.7.3/share/hadoop/common/lib/jackson-xc-1.9.13.jar:/home/hadoop-2.7.3/share/hadoop/common/lib/jersey-server-1.9.jar:/home/hadoop-2.7.3/share/hadoop/common/lib/asm-3.2.jar:/home/hadoop-2.7.3/share/hadoop/common/lib/log4j-1.2.17.jar:/home/hadoop-2.7.3/share/hadoop/common/lib/jets3t-0.9.0.jar:/home/hadoop-2.7.3/share/hadoop/common/lib/httpclient-4.2.5.jar:/home/hadoop-2.7.3/share/hadoop/common/lib/httpcore-4.2.5.jar:/home/hadoop-2.7.3/share/hadoop/common/lib/java-xmlbuilder-0.4.jar:/home/hadoop-2.7.3/share/hadoop/common/lib/commons-lang-2.6.jar:/home/hadoop-2.7.3/share/hadoop/common/lib/commons-configuration-1.6.jar:/home/hadoop-2.7.3/share/hadoop/common/lib/commons-digester-1.8.jar:/home/hadoop-2.7.3/share/hadoop/common/lib/commons-beanutils-1.7.0.jar:/home/hadoop-2.7.3/share/hadoop/common/lib/commons-beanutils-core-1.8.0.jar:/home/hadoop-2.7.3/share/hadoop/common/lib/slf4j-api-1.7.10.jar:/home/hadoop-2.7.3/share/hadoop/common/lib/slf4j-log4j12-1.7.10.jar:/home/hadoop-2.7.3/share/hadoop/common/lib/avro-1.7.4.jar:/home/hadoop-2.7.3/share/hadoop/common/lib/paranamer-2.3.jar:/home/hadoop-2.7.3/share/hadoop/common/lib/snappy-java-1.0.4.1.jar:/home/hadoop-2.7.3/share/hadoop/common/lib/commons-compress-1.4.1.jar:/home/hadoop-2.7.3/share/hadoop/common/lib/xz-1.0.jar:/home/hadoop-2.7.3/share/hadoop/common/lib/protobuf-java-2.5.0.jar:/home/hadoop-2.7.3/share/hadoop/common/lib/gson-2.2.4.jar:/home/hadoop-2.7.3/share/hadoop/common/lib/hadoop-auth-2.7.3.jar:/home/hadoop-2.7.3/share/hadoop/common/lib/apacheds-kerberos-codec-2.0.0-M15.jar:/home/hadoop-2.7.3/share/hadoop/common/lib/apacheds-i18n-2.0.0-M15.jar:/home/hadoop-2.7.3/share/hadoop/common/lib/api-asn1-api-1.0.0-M20.jar:/home/hadoop-2.7.3/share/hadoop/common/lib/api-util-1.0.0-M20.jar:/home/hadoop-2.7.3/share/hadoop/common/lib/zookeeper-3.4.6.jar:/home/hadoop-2.7.3/share/hadoop/common/lib/netty-3.6.2.Final.jar:/home/hadoop-2.7.3/share/hadoop/common/lib/curator-framework-2.7.1.jar:/home/hadoop-2.7.3/share/hadoop/common/lib/curator-client-2.7.1.jar:/home/hadoop-2.7.3/share/hadoop/common/lib/jsch-0.1.42.jar:/home/hadoop-2.7.3/share/hadoop/common/lib/curator-recipes-2.7.1.jar:/home/hadoop-2.7.3/share/hadoop/common/lib/htrace-core-3.1.0-incubating.jar:/home/hadoop-2.7.3/share/hadoop/common/lib/junit-4.11.jar:/home/hadoop-2.7.3/share/hadoop/common/lib/hamcrest-core-1.3.jar:/home/hadoop-2.7.3/share/hadoop/common/lib/mockito-all-1.8.5.jar:/home/hadoop-2.7.3/share/hadoop/common/lib/hadoop-annotations-2.7.3.jar:/home/hadoop-2.7.3/share/hadoop/common/lib/guava-11.0.2.jar:/home/hadoop-2.7.3/share/hadoop/common/lib/jsr305-3.0.0.jar:/home/hadoop-2.7.3/share/hadoop/common/lib/commons-cli-1.2.jar:/home/hadoop-2.7.3/share/hadoop/common/lib/commons-math3-3.1.1.jar:/home/hadoop-2.7.3/share/hadoop/common/lib/xmlenc-0.52.jar:/home/hadoop-2.7.3/share/hadoop/common/lib/commons-httpclient-3.1.jar:/home/hadoop-2.7.3/share/hadoop/common/lib/commons-logging-1.1.3.jar:/home/hadoop-2.7.3/share/hadoop/common/lib/commons-codec-1.4.jar:/home/hadoop-2.7.3/share/hadoop/common/lib/commons-io-2.4.jar:/home/hadoop-2.7.3/share/hadoop/common/lib/commons-net-3.1.jar:/home/hadoop-2.7.3/share/hadoop/common/lib/commons-collections-3.2.2.jar:/home/hadoop-2.7.3/share/hadoop/common/lib/servlet-api-2.5.jar:/home/hadoop-2.7.3/share/hadoop/common/lib/jetty-6.1.26.jar:/home/hadoop-2.7.3/share/hadoop/common/lib/jetty-util-6.1.26.jar:/home/hadoop-2.7.3/share/hadoop/common/lib/jsp-api-2.1.jar:/home/hadoop-2.7.3/share/hadoop/common/lib/jersey-core-1.9.jar:/home/hadoop-2.7.3/share/hadoop/common/lib/jersey-json-1.9.jar:/home/hadoop-2.7.3/share/hadoop/common/lib/jettison-1.1.jar:/home/hadoop-2.7.3/share/hadoop/common/hadoop-common-2.7.3.jar:/home/hadoop-2.7.3/share/hadoop/common/hadoop-common-2.7.3-tests.jar:/home/hadoop-2.7.3/share/hadoop/common/hadoop-nfs-2.7.3.jar:/home/hadoop-2.7.3/share/hadoop/hdfs:/home/hadoop-2.7.3/share/hadoop/hdfs/lib/commons-codec-1.4.jar:/home/hadoop-2.7.3/share/hadoop/hdfs/lib/log4j-1.2.17.jar:/home/hadoop-2.7.3/share/hadoop/hdfs/lib/commons-logging-1.1.3.jar:/home/hadoop-2.7.3/share/hadoop/hdfs/lib/netty-3.6.2.Final.jar:/home/hadoop-2.7.3/share/hadoop/hdfs/lib/guava-11.0.2.jar:/home/hadoop-2.7.3/share/hadoop/hdfs/lib/jsr305-3.0.0.jar:/home/hadoop-2.7.3/share/hadoop/hdfs/lib/commons-cli-1.2.jar:/home/hadoop-2.7.3/share/hadoop/hdfs/lib/xmlenc-0.52.jar:/home/hadoop-2.7.3/share/hadoop/hdfs/lib/commons-io-2.4.jar:/home/hadoop-2.7.3/share/hadoop/hdfs/lib/servlet-api-2.5.jar:/home/hadoop-2.7.3/share/hadoop/hdfs/lib/jetty-6.1.26.jar:/home/hadoop-2.7.3/share/hadoop/hdfs/lib/jetty-util-6.1.26.jar:/home/hadoop-2.7.3/share/hadoop/hdfs/lib/jersey-core-1.9.jar:/home/hadoop-2.7.3/share/hadoop/hdfs/lib/jackson-core-asl-1.9.13.jar:/home/hadoop-2.7.3/share/hadoop/hdfs/lib/jackson-mapper-asl-1.9.13.jar:/home/hadoop-2.7.3/share/hadoop/hdfs/lib/jersey-server-1.9.jar:/home/hadoop-2.7.3/share/hadoop/hdfs/lib/asm-3.2.jar:/home/hadoop-2.7.3/share/hadoop/hdfs/lib/commons-lang-2.6.jar:/home/hadoop-2.7.3/share/hadoop/hdfs/lib/protobuf-java-2.5.0.jar:/home/hadoop-2.7.3/share/hadoop/hdfs/lib/htrace-core-3.1.0-incubating.jar:/home/hadoop-2.7.3/share/hadoop/hdfs/lib/commons-daemon-1.0.13.jar:/home/hadoop-2.7.3/share/hadoop/hdfs/lib/netty-all-4.0.23.Final.jar:/home/hadoop-2.7.3/share/hadoop/hdfs/lib/xercesImpl-2.9.1.jar:/home/hadoop-2.7.3/share/hadoop/hdfs/lib/xml-apis-1.3.04.jar:/home/hadoop-2.7.3/share/hadoop/hdfs/lib/leveldbjni-all-1.8.jar:/home/hadoop-2.7.3/share/hadoop/hdfs/hadoop-hdfs-2.7.3.jar:/home/hadoop-2.7.3/share/hadoop/hdfs/hadoop-hdfs-2.7.3-tests.jar:/home/hadoop-2.7.3/share/hadoop/hdfs/hadoop-hdfs-nfs-2.7.3.jar:/home/hadoop-2.7.3/share/hadoop/yarn/lib/zookeeper-3.4.6-tests.jar:/home/hadoop-2.7.3/share/hadoop/yarn/lib/commons-lang-2.6.jar:/home/hadoop-2.7.3/share/hadoop/yarn/lib/guava-11.0.2.jar:/home/hadoop-2.7.3/share/hadoop/yarn/lib/jsr305-3.0.0.jar:/home/hadoop-2.7.3/share/hadoop/yarn/lib/commons-logging-1.1.3.jar:/home/hadoop-2.7.3/share/hadoop/yarn/lib/protobuf-java-2.5.0.jar:/home/hadoop-2.7.3/share/hadoop/yarn/lib/commons-cli-1.2.jar:/home/hadoop-2.7.3/share/hadoop/yarn/lib/log4j-1.2.17.jar:/home/hadoop-2.7.3/share/hadoop/yarn/lib/jaxb-api-2.2.2.jar:/home/hadoop-2.7.3/share/hadoop/yarn/lib/stax-api-1.0-2.jar:/home/hadoop-2.7.3/share/hadoop/yarn/lib/activation-1.1.jar:/home/hadoop-2.7.3/share/hadoop/yarn/lib/commons-compress-1.4.1.jar:/home/hadoop-2.7.3/share/hadoop/yarn/lib/xz-1.0.jar:/home/hadoop-2.7.3/share/hadoop/yarn/lib/servlet-api-2.5.jar:/home/hadoop-2.7.3/share/hadoop/yarn/lib/commons-codec-1.4.jar:/home/hadoop-2.7.3/share/hadoop/yarn/lib/jetty-util-6.1.26.jar:/home/hadoop-2.7.3/share/hadoop/yarn/lib/jersey-core-1.9.jar:/home/hadoop-2.7.3/share/hadoop/yarn/lib/jersey-client-1.9.jar:/home/hadoop-2.7.3/share/hadoop/yarn/lib/jackson-core-asl-1.9.13.jar:/home/hadoop-2.7.3/share/hadoop/yarn/lib/jackson-mapper-asl-1.9.13.jar:/home/hadoop-2.7.3/share/hadoop/yarn/lib/jackson-jaxrs-1.9.13.jar:/home/hadoop-2.7.3/share/hadoop/yarn/lib/jackson-xc-1.9.13.jar:/home/hadoop-2.7.3/share/hadoop/yarn/lib/guice-servlet-3.0.jar:/home/hadoop-2.7.3/share/hadoop/yarn/lib/guice-3.0.jar:/home/hadoop-2.7.3/share/hadoop/yarn/lib/javax.inject-1.jar:/home/hadoop-2.7.3/share/hadoop/yarn/lib/aopalliance-1.0.jar:/home/hadoop-2.7.3/share/hadoop/yarn/lib/commons-io-2.4.jar:/home/hadoop-2.7.3/share/hadoop/yarn/lib/jersey-server-1.9.jar:/home/hadoop-2.7.3/share/hadoop/yarn/lib/asm-3.2.jar:/home/hadoop-2.7.3/share/hadoop/yarn/lib/jersey-json-1.9.jar:/home/hadoop-2.7.3/share/hadoop/yarn/lib/jettison-1.1.jar:/home/hadoop-2.7.3/share/hadoop/yarn/lib/jaxb-impl-2.2.3-1.jar:/home/hadoop-2.7.3/share/hadoop/yarn/lib/jersey-guice-1.9.jar:/home/hadoop-2.7.3/share/hadoop/yarn/lib/zookeeper-3.4.6.jar:/home/hadoop-2.7.3/share/hadoop/yarn/lib/netty-3.6.2.Final.jar:/home/hadoop-2.7.3/share/hadoop/yarn/lib/leveldbjni-all-1.8.jar:/home/hadoop-2.7.3/share/hadoop/yarn/lib/commons-collections-3.2.2.jar:/home/hadoop-2.7.3/share/hadoop/yarn/lib/jetty-6.1.26.jar:/home/hadoop-2.7.3/share/hadoop/yarn/hadoop-yarn-api-2.7.3.jar:/home/hadoop-2.7.3/share/hadoop/yarn/hadoop-yarn-common-2.7.3.jar:/home/hadoop-2.7.3/share/hadoop/yarn/hadoop-yarn-server-common-2.7.3.jar:/home/hadoop-2.7.3/share/hadoop/yarn/hadoop-yarn-server-nodemanager-2.7.3.jar:/home/hadoop-2.7.3/share/hadoop/yarn/hadoop-yarn-server-web-proxy-2.7.3.jar:/home/hadoop-2.7.3/share/hadoop/yarn/hadoop-yarn-server-applicationhistoryservice-2.7.3.jar:/home/hadoop-2.7.3/share/hadoop/yarn/hadoop-yarn-server-resourcemanager-2.7.3.jar:/home/hadoop-2.7.3/share/hadoop/yarn/hadoop-yarn-server-tests-2.7.3.jar:/home/hadoop-2.7.3/share/hadoop/yarn/hadoop-yarn-client-2.7.3.jar:/home/hadoop-2.7.3/share/hadoop/yarn/hadoop-yarn-server-sharedcachemanager-2.7.3.jar:/home/hadoop-2.7.3/share/hadoop/yarn/hadoop-yarn-applications-distributedshell-2.7.3.jar:/home/hadoop-2.7.3/share/hadoop/yarn/hadoop-yarn-applications-unmanaged-am-launcher-2.7.3.jar:/home/hadoop-2.7.3/share/hadoop/yarn/hadoop-yarn-registry-2.7.3.jar:/home/hadoop-2.7.3/share/hadoop/mapreduce/lib/protobuf-java-2.5.0.jar:/home/hadoop-2.7.3/share/hadoop/mapreduce/lib/avro-1.7.4.jar:/home/hadoop-2.7.3/share/hadoop/mapreduce/lib/jackson-core-asl-1.9.13.jar:/home/hadoop-2.7.3/share/hadoop/mapreduce/lib/jackson-mapper-asl-1.9.13.jar:/home/hadoop-2.7.3/share/hadoop/mapreduce/lib/paranamer-2.3.jar:/home/hadoop-2.7.3/share/hadoop/mapreduce/lib/snappy-java-1.0.4.1.jar:/home/hadoop-2.7.3/share/hadoop/mapreduce/lib/commons-compress-1.4.1.jar:/home/hadoop-2.7.3/share/hadoop/mapreduce/lib/xz-1.0.jar:/home/hadoop-2.7.3/share/hadoop/mapreduce/lib/hadoop-annotations-2.7.3.jar:/home/hadoop-2.7.3/share/hadoop/mapreduce/lib/commons-io-2.4.jar:/home/hadoop-2.7.3/share/hadoop/mapreduce/lib/jersey-core-1.9.jar:/home/hadoop-2.7.3/share/hadoop/mapreduce/lib/jersey-server-1.9.jar:/home/hadoop-2.7.3/share/hadoop/mapreduce/lib/asm-3.2.jar:/home/hadoop-2.7.3/share/hadoop/mapreduce/lib/log4j-1.2.17.jar:/home/hadoop-2.7.3/share/hadoop/mapreduce/lib/netty-3.6.2.Final.jar:/home/hadoop-2.7.3/share/hadoop/mapreduce/lib/leveldbjni-all-1.8.jar:/home/hadoop-2.7.3/share/hadoop/mapreduce/lib/guice-3.0.jar:/home/hadoop-2.7.3/share/hadoop/mapreduce/lib/javax.inject-1.jar:/home/hadoop-2.7.3/share/hadoop/mapreduce/lib/aopalliance-1.0.jar:/home/hadoop-2.7.3/share/hadoop/mapreduce/lib/jersey-guice-1.9.jar:/home/hadoop-2.7.3/share/hadoop/mapreduce/lib/guice-servlet-3.0.jar:/home/hadoop-2.7.3/share/hadoop/mapreduce/lib/junit-4.11.jar:/home/hadoop-2.7.3/share/hadoop/mapreduce/lib/hamcrest-core-1.3.jar:/home/hadoop-2.7.3/share/hadoop/mapreduce/hadoop-mapreduce-client-core-2.7.3.jar:/home/hadoop-2.7.3/share/hadoop/mapreduce/hadoop-mapreduce-client-common-2.7.3.jar:/home/hadoop-2.7.3/share/hadoop/mapreduce/hadoop-mapreduce-client-shuffle-2.7.3.jar:/home/hadoop-2.7.3/share/hadoop/mapreduce/hadoop-mapreduce-client-app-2.7.3.jar:/home/hadoop-2.7.3/share/hadoop/mapreduce/hadoop-mapreduce-client-hs-2.7.3.jar:/home/hadoop-2.7.3/share/hadoop/mapreduce/hadoop-mapreduce-client-jobclient-2.7.3.jar:/home/hadoop-2.7.3/share/hadoop/mapreduce/hadoop-mapreduce-client-hs-plugins-2.7.3.jar:/home/hadoop-2.7.3/share/hadoop/mapreduce/hadoop-mapreduce-examples-2.7.3.jar:/home/hadoop-2.7.3/share/hadoop/mapreduce/hadoop-mapreduce-client-jobclient-2.7.3-tests.jar:/home/hadoop-2.7.3/contrib/capacity-scheduler/*.jar:/home/hadoop-2.7.3/contrib/capacity-scheduler/*.jar:/home/hadoop-2.7.3/contrib/capacity-scheduler/*.jar:/home/hadoop-2.7.3/contrib/capacity-scheduler/*.jar:/home/hadoop-2.7.3/share/hadoop/yarn/hadoop-yarn-api-2.7.3.jar:/home/hadoop-2.7.3/share/hadoop/yarn/hadoop-yarn-common-2.7.3.jar:/home/hadoop-2.7.3/share/hadoop/yarn/hadoop-yarn-server-common-2.7.3.jar:/home/hadoop-2.7.3/share/hadoop/yarn/hadoop-yarn-server-nodemanager-2.7.3.jar:/home/hadoop-2.7.3/share/hadoop/yarn/hadoop-yarn-server-web-proxy-2.7.3.jar:/home/hadoop-2.7.3/share/hadoop/yarn/hadoop-yarn-server-applicationhistoryservice-2.7.3.jar:/home/hadoop-2.7.3/share/hadoop/yarn/hadoop-yarn-server-resourcemanager-2.7.3.jar:/home/hadoop-2.7.3/share/hadoop/yarn/hadoop-yarn-server-tests-2.7.3.jar:/home/hadoop-2.7.3/share/hadoop/yarn/hadoop-yarn-client-2.7.3.jar:/home/hadoop-2.7.3/share/hadoop/yarn/hadoop-yarn-server-sharedcachemanager-2.7.3.jar:/home/hadoop-2.7.3/share/hadoop/yarn/hadoop-yarn-applications-distributedshell-2.7.3.jar:/home/hadoop-2.7.3/share/hadoop/yarn/hadoop-yarn-applications-unmanaged-am-launcher-2.7.3.jar:/home/hadoop-2.7.3/share/hadoop/yarn/hadoop-yarn-registry-2.7.3.jar:/home/hadoop-2.7.3/share/hadoop/yarn/lib/zookeeper-3.4.6-tests.jar:/home/hadoop-2.7.3/share/hadoop/yarn/lib/commons-lang-2.6.jar:/home/hadoop-2.7.3/share/hadoop/yarn/lib/guava-11.0.2.jar:/home/hadoop-2.7.3/share/hadoop/yarn/lib/jsr305-3.0.0.jar:/home/hadoop-2.7.3/share/hadoop/yarn/lib/commons-logging-1.1.3.jar:/home/hadoop-2.7.3/share/hadoop/yarn/lib/protobuf-java-2.5.0.jar:/home/hadoop-2.7.3/share/hadoop/yarn/lib/commons-cli-1.2.jar:/home/hadoop-2.7.3/share/hadoop/yarn/lib/log4j-1.2.17.jar:/home/hadoop-2.7.3/share/hadoop/yarn/lib/jaxb-api-2.2.2.jar:/home/hadoop-2.7.3/share/hadoop/yarn/lib/stax-api-1.0-2.jar:/home/hadoop-2.7.3/share/hadoop/yarn/lib/activation-1.1.jar:/home/hadoop-2.7.3/share/hadoop/yarn/lib/commons-compress-1.4.1.jar:/home/hadoop-2.7.3/share/hadoop/yarn/lib/xz-1.0.jar:/home/hadoop-2.7.3/share/hadoop/yarn/lib/servlet-api-2.5.jar:/home/hadoop-2.7.3/share/hadoop/yarn/lib/commons-codec-1.4.jar:/home/hadoop-2.7.3/share/hadoop/yarn/lib/jetty-util-6.1.26.jar:/home/hadoop-2.7.3/share/hadoop/yarn/lib/jersey-core-1.9.jar:/home/hadoop-2.7.3/share/hadoop/yarn/lib/jersey-client-1.9.jar:/home/hadoop-2.7.3/share/hadoop/yarn/lib/jackson-core-asl-1.9.13.jar:/home/hadoop-2.7.3/share/hadoop/yarn/lib/jackson-mapper-asl-1.9.13.jar:/home/hadoop-2.7.3/share/hadoop/yarn/lib/jackson-jaxrs-1.9.13.jar:/home/hadoop-2.7.3/share/hadoop/yarn/lib/jackson-xc-1.9.13.jar:/home/hadoop-2.7.3/share/hadoop/yarn/lib/guice-servlet-3.0.jar:/home/hadoop-2.7.3/share/hadoop/yarn/lib/guice-3.0.jar:/home/hadoop-2.7.3/share/hadoop/yarn/lib/javax.inject-1.jar:/home/hadoop-2.7.3/share/hadoop/yarn/lib/aopalliance-1.0.jar:/home/hadoop-2.7.3/share/hadoop/yarn/lib/commons-io-2.4.jar:/home/hadoop-2.7.3/share/hadoop/yarn/lib/jersey-server-1.9.jar:/home/hadoop-2.7.3/share/hadoop/yarn/lib/asm-3.2.jar:/home/hadoop-2.7.3/share/hadoop/yarn/lib/jersey-json-1.9.jar:/home/hadoop-2.7.3/share/hadoop/yarn/lib/jettison-1.1.jar:/home/hadoop-2.7.3/share/hadoop/yarn/lib/jaxb-impl-2.2.3-1.jar:/home/hadoop-2.7.3/share/hadoop/yarn/lib/jersey-guice-1.9.jar:/home/hadoop-2.7.3/share/hadoop/yarn/lib/zookeeper-3.4.6.jar:/home/hadoop-2.7.3/share/hadoop/yarn/lib/netty-3.6.2.Final.jar:/home/hadoop-2.7.3/share/hadoop/yarn/lib/leveldbjni-all-1.8.jar:/home/hadoop-2.7.3/share/hadoop/yarn/lib/commons-collections-3.2.2.jar:/home/hadoop-2.7.3/share/hadoop/yarn/lib/jetty-6.1.26.jar:/home/hadoop-2.7.3/etc/hadoop/rm-config/log4j.properties
STARTUP_MSG:   build = https://git-wip-us.apache.org/repos/asf/hadoop.git -r baa91f7c6bc9cb92be5982de4719c1c8af91ccff; compiled by 'root' on 2016-08-18T01:41Z
STARTUP_MSG:   java = 1.8.0_101
************************************************************/
2019-04-23 18:49:37,053 INFO org.apache.hadoop.yarn.server.resourcemanager.ResourceManager: registered UNIX signal handlers for [TERM, HUP, INT]
2019-04-23 18:49:37,374 INFO org.apache.hadoop.conf.Configuration: found resource core-site.xml at file:/home/hadoop-2.7.3/etc/hadoop/core-site.xml
2019-04-23 18:49:37,417 WARN org.apache.hadoop.util.NativeCodeLoader: Unable to load native-hadoop library for your platform... using builtin-java classes where applicable
2019-04-23 18:49:37,448 INFO org.apache.hadoop.security.Groups: clearing userToGroupsMap cache
2019-04-23 18:49:37,506 INFO org.apache.hadoop.conf.Configuration: found resource yarn-site.xml at file:/home/hadoop-2.7.3/etc/hadoop/yarn-site.xml
2019-04-23 18:49:37,637 INFO org.apache.hadoop.yarn.event.AsyncDispatcher: Registering class org.apache.hadoop.yarn.server.resourcemanager.RMFatalEventType for class org.apache.hadoop.yarn.server.resourcemanager.ResourceManager$RMFatalEventDispatcher
2019-04-23 18:49:37,848 INFO org.apache.hadoop.yarn.server.resourcemanager.security.NMTokenSecretManagerInRM: NMTokenKeyRollingInterval: 86400000ms and NMTokenKeyActivationDelay: 900000ms
2019-04-23 18:49:37,853 INFO org.apache.hadoop.yarn.server.resourcemanager.security.RMContainerTokenSecretManager: ContainerTokenKeyRollingInterval: 86400000ms and ContainerTokenKeyActivationDelay: 900000ms
2019-04-23 18:49:37,858 INFO org.apache.hadoop.yarn.server.resourcemanager.security.AMRMTokenSecretManager: AMRMTokenKeyRollingInterval: 86400000ms and AMRMTokenKeyActivationDelay: 900000 ms
2019-04-23 18:49:37,891 INFO org.apache.hadoop.yarn.event.AsyncDispatcher: Registering class org.apache.hadoop.yarn.server.resourcemanager.recovery.RMStateStoreEventType for class org.apache.hadoop.yarn.server.resourcemanager.recovery.RMStateStore$ForwardingEventHandler
2019-04-23 18:49:37,892 INFO org.apache.hadoop.yarn.event.AsyncDispatcher: Registering class org.apache.hadoop.yarn.server.resourcemanager.NodesListManagerEventType for class org.apache.hadoop.yarn.server.resourcemanager.NodesListManager
2019-04-23 18:49:37,893 INFO org.apache.hadoop.yarn.server.resourcemanager.ResourceManager: Using Scheduler: org.apache.hadoop.yarn.server.resourcemanager.scheduler.capacity.CapacityScheduler
2019-04-23 18:49:37,914 INFO org.apache.hadoop.yarn.event.AsyncDispatcher: Registering class org.apache.hadoop.yarn.server.resourcemanager.scheduler.event.SchedulerEventType for class org.apache.hadoop.yarn.server.resourcemanager.ResourceManager$SchedulerEventDispatcher
2019-04-23 18:49:37,918 INFO org.apache.hadoop.yarn.event.AsyncDispatcher: Registering class org.apache.hadoop.yarn.server.resourcemanager.rmapp.RMAppEventType for class org.apache.hadoop.yarn.server.resourcemanager.ResourceManager$ApplicationEventDispatcher
2019-04-23 18:49:37,919 INFO org.apache.hadoop.yarn.event.AsyncDispatcher: Registering class org.apache.hadoop.yarn.server.resourcemanager.rmapp.attempt.RMAppAttemptEventType for class org.apache.hadoop.yarn.server.resourcemanager.ResourceManager$ApplicationAttemptEventDispatcher
2019-04-23 18:49:37,919 INFO org.apache.hadoop.yarn.event.AsyncDispatcher: Registering class org.apache.hadoop.yarn.server.resourcemanager.rmnode.RMNodeEventType for class org.apache.hadoop.yarn.server.resourcemanager.ResourceManager$NodeEventDispatcher
2019-04-23 18:49:38,006 INFO org.apache.hadoop.metrics2.impl.MetricsConfig: loaded properties from hadoop-metrics2.properties
2019-04-23 18:49:38,086 INFO org.apache.hadoop.metrics2.impl.MetricsSystemImpl: Scheduled snapshot period at 10 second(s).
2019-04-23 18:49:38,086 INFO org.apache.hadoop.metrics2.impl.MetricsSystemImpl: ResourceManager metrics system started
2019-04-23 18:49:38,098 INFO org.apache.hadoop.yarn.event.AsyncDispatcher: Registering class org.apache.hadoop.yarn.server.resourcemanager.RMAppManagerEventType for class org.apache.hadoop.yarn.server.resourcemanager.RMAppManager
2019-04-23 18:49:38,103 INFO org.apache.hadoop.yarn.event.AsyncDispatcher: Registering class org.apache.hadoop.yarn.server.resourcemanager.amlauncher.AMLauncherEventType for class org.apache.hadoop.yarn.server.resourcemanager.amlauncher.ApplicationMasterLauncher
2019-04-23 18:49:38,104 INFO org.apache.hadoop.yarn.server.resourcemanager.RMNMInfo: Registered RMNMInfo MBean
2019-04-23 18:49:38,106 INFO org.apache.hadoop.yarn.security.YarnAuthorizationProvider: org.apache.hadoop.yarn.security.ConfiguredYarnAuthorizer is instiantiated.
2019-04-23 18:49:38,106 INFO org.apache.hadoop.util.HostsFileReader: Refreshing hosts (include/exclude) list
2019-04-23 18:49:38,111 INFO org.apache.hadoop.conf.Configuration: found resource capacity-scheduler.xml at file:/home/hadoop-2.7.3/etc/hadoop/capacity-scheduler.xml
2019-04-23 18:49:38,213 INFO org.apache.hadoop.yarn.server.resourcemanager.scheduler.capacity.CapacitySchedulerConfiguration: max alloc mb per queue for root is undefined
2019-04-23 18:49:38,213 INFO org.apache.hadoop.yarn.server.resourcemanager.scheduler.capacity.CapacitySchedulerConfiguration: max alloc vcore per queue for root is undefined
2019-04-23 18:49:38,216 INFO org.apache.hadoop.yarn.server.resourcemanager.scheduler.capacity.ParentQueue: root, capacity=1.0, asboluteCapacity=1.0, maxCapacity=1.0, asboluteMaxCapacity=1.0, state=RUNNING, acls=SUBMIT_APP:*ADMINISTER_QUEUE:*, labels=*,
, reservationsContinueLooking=true
2019-04-23 18:49:38,216 INFO org.apache.hadoop.yarn.server.resourcemanager.scheduler.capacity.ParentQueue: Initialized parent-queue root name=root, fullname=root
2019-04-23 18:49:38,225 INFO org.apache.hadoop.yarn.server.resourcemanager.scheduler.capacity.CapacitySchedulerConfiguration: max alloc mb per queue for root.default is undefined
2019-04-23 18:49:38,225 INFO org.apache.hadoop.yarn.server.resourcemanager.scheduler.capacity.CapacitySchedulerConfiguration: max alloc vcore per queue for root.default is undefined
2019-04-23 18:49:38,226 INFO org.apache.hadoop.yarn.server.resourcemanager.scheduler.capacity.LeafQueue: Initializing default
capacity = 1.0 [= (float) configuredCapacity / 100 ]
asboluteCapacity = 1.0 [= parentAbsoluteCapacity * capacity ]
maxCapacity = 1.0 [= configuredMaxCapacity ]
absoluteMaxCapacity = 1.0 [= 1.0 maximumCapacity undefined, (parentAbsoluteMaxCapacity * maximumCapacity) / 100 otherwise ]
userLimit = 100 [= configuredUserLimit ]
userLimitFactor = 1.0 [= configuredUserLimitFactor ]
maxApplications = 10000 [= configuredMaximumSystemApplicationsPerQueue or (int)(configuredMaximumSystemApplications * absoluteCapacity)]
maxApplicationsPerUser = 10000 [= (int)(maxApplications * (userLimit / 100.0f) * userLimitFactor) ]
usedCapacity = 0.0 [= usedResourcesMemory / (clusterResourceMemory * absoluteCapacity)]
absoluteUsedCapacity = 0.0 [= usedResourcesMemory / clusterResourceMemory]
maxAMResourcePerQueuePercent = 0.1 [= configuredMaximumAMResourcePercent ]
minimumAllocationFactor = 0.875 [= (float)(maximumAllocationMemory - minimumAllocationMemory) / maximumAllocationMemory ]
maximumAllocation = <memory:8192, vCores:32> [= configuredMaxAllocation ]
numContainers = 0 [= currentNumContainers ]
state = RUNNING [= configuredState ]
acls = SUBMIT_APP:*ADMINISTER_QUEUE:* [= configuredAcls ]
nodeLocalityDelay = 40
labels=*,
nodeLocalityDelay = 40
reservationsContinueLooking = true
preemptionDisabled = true

2019-04-23 18:49:38,226 INFO org.apache.hadoop.yarn.server.resourcemanager.scheduler.capacity.CapacityScheduler: Initialized queue: default: capacity=1.0, absoluteCapacity=1.0, usedResources=<memory:0, vCores:0>, usedCapacity=0.0, absoluteUsedCapacity=0.0, numApps=0, numContainers=0
2019-04-23 18:49:38,226 INFO org.apache.hadoop.yarn.server.resourcemanager.scheduler.capacity.CapacityScheduler: Initialized queue: root: numChildQueue= 1, capacity=1.0, absoluteCapacity=1.0, usedResources=<memory:0, vCores:0>usedCapacity=0.0, numApps=0, numContainers=0
2019-04-23 18:49:38,227 INFO org.apache.hadoop.yarn.server.resourcemanager.scheduler.capacity.CapacityScheduler: Initialized root queue root: numChildQueue= 1, capacity=1.0, absoluteCapacity=1.0, usedResources=<memory:0, vCores:0>usedCapacity=0.0, numApps=0, numContainers=0
2019-04-23 18:49:38,227 INFO org.apache.hadoop.yarn.server.resourcemanager.scheduler.capacity.CapacityScheduler: Initialized queue mappings, override: false
2019-04-23 18:49:38,227 INFO org.apache.hadoop.yarn.server.resourcemanager.scheduler.capacity.CapacityScheduler: Initialized CapacityScheduler with calculator=class org.apache.hadoop.yarn.util.resource.DefaultResourceCalculator, minimumAllocation=<<memory:1024, vCores:1>>, maximumAllocation=<<memory:8192, vCores:32>>, asynchronousScheduling=false, asyncScheduleInterval=5ms
2019-04-23 18:49:38,239 INFO org.apache.hadoop.yarn.server.resourcemanager.metrics.SystemMetricsPublisher: YARN system metrics publishing service is not enabled
2019-04-23 18:49:38,240 INFO org.apache.hadoop.yarn.server.resourcemanager.ResourceManager: Transitioning to active state
2019-04-23 18:49:38,259 INFO org.apache.hadoop.yarn.server.resourcemanager.recovery.RMStateStore: Updating AMRMToken
2019-04-23 18:49:38,260 INFO org.apache.hadoop.yarn.server.resourcemanager.security.RMContainerTokenSecretManager: Rolling master-key for container-tokens
2019-04-23 18:49:38,260 INFO org.apache.hadoop.yarn.server.resourcemanager.security.NMTokenSecretManagerInRM: Rolling master-key for nm-tokens
2019-04-23 18:49:38,260 INFO org.apache.hadoop.security.token.delegation.AbstractDelegationTokenSecretManager: Updating the current master key for generating delegation tokens
2019-04-23 18:49:38,261 INFO org.apache.hadoop.yarn.server.resourcemanager.security.RMDelegationTokenSecretManager: storing master key with keyID 1
2019-04-23 18:49:38,261 INFO org.apache.hadoop.yarn.server.resourcemanager.recovery.RMStateStore: Storing RMDTMasterKey.
2019-04-23 18:49:38,272 INFO org.apache.hadoop.security.token.delegation.AbstractDelegationTokenSecretManager: Starting expired delegation token remover thread, tokenRemoverScanInterval=60 min(s)
2019-04-23 18:49:38,272 INFO org.apache.hadoop.security.token.delegation.AbstractDelegationTokenSecretManager: Updating the current master key for generating delegation tokens
2019-04-23 18:49:38,272 INFO org.apache.hadoop.yarn.server.resourcemanager.security.RMDelegationTokenSecretManager: storing master key with keyID 2
2019-04-23 18:49:38,272 INFO org.apache.hadoop.yarn.server.resourcemanager.recovery.RMStateStore: Storing RMDTMasterKey.
2019-04-23 18:49:38,273 INFO org.apache.hadoop.yarn.event.AsyncDispatcher: Registering class org.apache.hadoop.yarn.nodelabels.event.NodeLabelsStoreEventType for class org.apache.hadoop.yarn.nodelabels.CommonNodeLabelsManager$ForwardingEventHandler
2019-04-23 18:49:38,302 INFO org.apache.hadoop.ipc.CallQueueManager: Using callQueue class java.util.concurrent.LinkedBlockingQueue
2019-04-23 18:49:38,317 INFO org.apache.hadoop.ipc.Server: Starting Socket Reader #1 for port 8031
2019-04-23 18:49:38,328 INFO org.apache.hadoop.yarn.factories.impl.pb.RpcServerFactoryPBImpl: Adding protocol org.apache.hadoop.yarn.server.api.ResourceTrackerPB to the server
2019-04-23 18:49:38,330 INFO org.apache.hadoop.ipc.Server: IPC Server Responder: starting
2019-04-23 18:49:38,330 INFO org.apache.hadoop.ipc.Server: IPC Server listener on 8031: starting
2019-04-23 18:49:38,351 INFO org.apache.hadoop.ipc.CallQueueManager: Using callQueue class java.util.concurrent.LinkedBlockingQueue
2019-04-23 18:49:38,356 INFO org.apache.hadoop.ipc.Server: Starting Socket Reader #1 for port 8030
2019-04-23 18:49:38,361 INFO org.apache.hadoop.yarn.factories.impl.pb.RpcServerFactoryPBImpl: Adding protocol org.apache.hadoop.yarn.api.ApplicationMasterProtocolPB to the server
2019-04-23 18:49:38,363 INFO org.apache.hadoop.ipc.Server: IPC Server Responder: starting
2019-04-23 18:49:38,363 INFO org.apache.hadoop.ipc.Server: IPC Server listener on 8030: starting
2019-04-23 18:49:38,421 INFO org.apache.hadoop.ipc.CallQueueManager: Using callQueue class java.util.concurrent.LinkedBlockingQueue
2019-04-23 18:49:38,421 INFO org.apache.hadoop.ipc.Server: Starting Socket Reader #1 for port 8032
2019-04-23 18:49:38,423 INFO org.apache.hadoop.yarn.factories.impl.pb.RpcServerFactoryPBImpl: Adding protocol org.apache.hadoop.yarn.api.ApplicationClientProtocolPB to the server
2019-04-23 18:49:38,424 INFO org.apache.hadoop.ipc.Server: IPC Server Responder: starting
2019-04-23 18:49:38,424 INFO org.apache.hadoop.ipc.Server: IPC Server listener on 8032: starting
2019-04-23 18:49:38,429 INFO org.apache.hadoop.yarn.server.resourcemanager.ResourceManager: Transitioned to active state
2019-04-23 18:49:38,507 INFO org.mortbay.log: Logging to org.slf4j.impl.Log4jLoggerAdapter(org.mortbay.log) via org.mortbay.log.Slf4jLog
2019-04-23 18:49:38,520 INFO org.apache.hadoop.security.authentication.server.AuthenticationFilter: Unable to initialize FileSignerSecretProvider, falling back to use random secrets.
2019-04-23 18:49:38,526 INFO org.apache.hadoop.http.HttpRequestLog: Http request log for http.requests.resourcemanager is not defined
2019-04-23 18:49:38,532 INFO org.apache.hadoop.http.HttpServer2: Added global filter 'safety' (class=org.apache.hadoop.http.HttpServer2$QuotingInputFilter)
2019-04-23 18:49:38,533 INFO org.apache.hadoop.http.HttpServer2: Added filter RMAuthenticationFilter (class=org.apache.hadoop.yarn.server.security.http.RMAuthenticationFilter) to context cluster
2019-04-23 18:49:38,533 INFO org.apache.hadoop.http.HttpServer2: Added filter RMAuthenticationFilter (class=org.apache.hadoop.yarn.server.security.http.RMAuthenticationFilter) to context static
2019-04-23 18:49:38,533 INFO org.apache.hadoop.http.HttpServer2: Added filter RMAuthenticationFilter (class=org.apache.hadoop.yarn.server.security.http.RMAuthenticationFilter) to context logs
2019-04-23 18:49:38,534 INFO org.apache.hadoop.http.HttpServer2: Added filter static_user_filter (class=org.apache.hadoop.http.lib.StaticUserWebFilter$StaticUserFilter) to context cluster
2019-04-23 18:49:38,534 INFO org.apache.hadoop.http.HttpServer2: Added filter static_user_filter (class=org.apache.hadoop.http.lib.StaticUserWebFilter$StaticUserFilter) to context static
2019-04-23 18:49:38,534 INFO org.apache.hadoop.http.HttpServer2: Added filter static_user_filter (class=org.apache.hadoop.http.lib.StaticUserWebFilter$StaticUserFilter) to context logs
2019-04-23 18:49:38,537 INFO org.apache.hadoop.http.HttpServer2: adding path spec: /cluster/*
2019-04-23 18:49:38,537 INFO org.apache.hadoop.http.HttpServer2: adding path spec: /ws/*
2019-04-23 18:49:38,878 INFO org.apache.hadoop.yarn.webapp.WebApps: Registered webapp guice modules
2019-04-23 18:49:38,881 INFO org.apache.hadoop.http.HttpServer2: Jetty bound to port 8088
2019-04-23 18:49:38,881 INFO org.mortbay.log: jetty-6.1.26
2019-04-23 18:49:38,902 INFO org.mortbay.log: Extract jar:file:/home/hadoop-2.7.3/share/hadoop/yarn/hadoop-yarn-common-2.7.3.jar!/webapps/cluster to /tmp/Jetty_0_0_0_0_8088_cluster____u0rgz3/webapp
2019-04-23 18:49:39,062 INFO org.apache.hadoop.security.token.delegation.AbstractDelegationTokenSecretManager: Updating the current master key for generating delegation tokens
2019-04-23 18:49:39,077 INFO org.apache.hadoop.security.token.delegation.AbstractDelegationTokenSecretManager: Starting expired delegation token remover thread, tokenRemoverScanInterval=60 min(s)
2019-04-23 18:49:39,077 INFO org.apache.hadoop.security.token.delegation.AbstractDelegationTokenSecretManager: Updating the current master key for generating delegation tokens
2019-04-23 18:49:39,880 INFO org.mortbay.log: Started HttpServer2$SelectChannelConnectorWithSafeStartup@0.0.0.0:8088
2019-04-23 18:49:39,880 INFO org.apache.hadoop.yarn.webapp.WebApps: Web app cluster started at 8088
2019-04-23 18:49:39,909 INFO org.apache.hadoop.ipc.CallQueueManager: Using callQueue class java.util.concurrent.LinkedBlockingQueue
2019-04-23 18:49:39,909 INFO org.apache.hadoop.ipc.Server: Starting Socket Reader #1 for port 8033
2019-04-23 18:49:39,910 INFO org.apache.hadoop.yarn.factories.impl.pb.RpcServerFactoryPBImpl: Adding protocol org.apache.hadoop.yarn.server.api.ResourceManagerAdministrationProtocolPB to the server
2019-04-23 18:49:39,910 INFO org.apache.hadoop.ipc.Server: IPC Server Responder: starting
2019-04-23 18:49:39,911 INFO org.apache.hadoop.ipc.Server: IPC Server listener on 8033: starting
2019-04-23 18:59:38,115 INFO org.apache.hadoop.yarn.server.resourcemanager.scheduler.AbstractYarnScheduler: Release request cache is cleaned up
2019-04-23 19:42:54,806 ERROR org.apache.hadoop.yarn.server.resourcemanager.ResourceManager: RECEIVED SIGNAL 15: SIGTERM
2019-04-23 19:42:54,874 ERROR org.apache.hadoop.security.token.delegation.AbstractDelegationTokenSecretManager: ExpiredTokenRemover received java.lang.InterruptedException: sleep interrupted
2019-04-23 19:42:54,874 INFO org.mortbay.log: Stopped HttpServer2$SelectChannelConnectorWithSafeStartup@0.0.0.0:8088
2019-04-23 19:42:54,876 WARN org.apache.hadoop.http.HttpServer2: HttpServer Acceptor: isRunning is false. Rechecking.
2019-04-23 19:42:54,876 WARN org.apache.hadoop.http.HttpServer2: HttpServer Acceptor: isRunning is false
2019-04-23 19:42:54,889 INFO org.apache.hadoop.ipc.Server: Stopping server on 8032
2019-04-23 19:42:54,894 INFO org.apache.hadoop.ipc.Server: Stopping server on 8033
2019-04-23 19:42:54,894 INFO org.apache.hadoop.ipc.Server: Stopping IPC Server Responder
2019-04-23 19:42:54,894 INFO org.apache.hadoop.ipc.Server: Stopping IPC Server listener on 8032
2019-04-23 19:42:54,896 INFO org.apache.hadoop.ipc.Server: Stopping IPC Server listener on 8033
2019-04-23 19:42:54,896 INFO org.apache.hadoop.ipc.Server: Stopping IPC Server Responder
2019-04-23 19:42:54,896 INFO org.apache.hadoop.yarn.server.resourcemanager.ResourceManager: Transitioning to standby state
2019-04-23 19:42:54,897 WARN org.apache.hadoop.yarn.server.resourcemanager.amlauncher.ApplicationMasterLauncher: org.apache.hadoop.yarn.server.resourcemanager.amlauncher.ApplicationMasterLauncher$LauncherThread interrupted. Returning.
2019-04-23 19:42:54,897 INFO org.apache.hadoop.ipc.Server: Stopping server on 8030
2019-04-23 19:42:54,900 INFO org.apache.hadoop.ipc.Server: Stopping server on 8031
2019-04-23 19:42:54,900 INFO org.apache.hadoop.ipc.Server: Stopping IPC Server listener on 8030
2019-04-23 19:42:54,900 INFO org.apache.hadoop.ipc.Server: Stopping IPC Server Responder
2019-04-23 19:42:54,904 INFO org.apache.hadoop.ipc.Server: Stopping IPC Server listener on 8031
2019-04-23 19:42:54,904 INFO org.apache.hadoop.ipc.Server: Stopping IPC Server Responder
2019-04-23 19:42:54,904 INFO org.apache.hadoop.yarn.util.AbstractLivelinessMonitor: NMLivelinessMonitor thread interrupted
2019-04-23 19:42:54,905 ERROR org.apache.hadoop.yarn.server.resourcemanager.ResourceManager: Returning, interrupted : java.lang.InterruptedException
2019-04-23 19:42:54,905 INFO org.apache.hadoop.yarn.event.AsyncDispatcher: AsyncDispatcher is draining to stop, igonring any new events.
2019-04-23 19:42:54,905 INFO org.apache.hadoop.yarn.util.AbstractLivelinessMonitor: AMLivelinessMonitor thread interrupted
2019-04-23 19:42:54,905 INFO org.apache.hadoop.yarn.util.AbstractLivelinessMonitor: AMLivelinessMonitor thread interrupted
2019-04-23 19:42:54,905 INFO org.apache.hadoop.yarn.util.AbstractLivelinessMonitor: org.apache.hadoop.yarn.server.resourcemanager.rmcontainer.ContainerAllocationExpirer thread interrupted
2019-04-23 19:42:54,905 ERROR org.apache.hadoop.security.token.delegation.AbstractDelegationTokenSecretManager: ExpiredTokenRemover received java.lang.InterruptedException: sleep interrupted
2019-04-23 19:42:54,905 INFO org.apache.hadoop.metrics2.impl.MetricsSystemImpl: Stopping ResourceManager metrics system...
2019-04-23 19:42:54,906 INFO org.apache.hadoop.metrics2.impl.MetricsSystemImpl: ResourceManager metrics system stopped.
2019-04-23 19:42:54,906 INFO org.apache.hadoop.metrics2.impl.MetricsSystemImpl: ResourceManager metrics system shutdown complete.
2019-04-23 19:42:54,906 INFO org.apache.hadoop.yarn.event.AsyncDispatcher: AsyncDispatcher is draining to stop, igonring any new events.
2019-04-23 19:42:54,907 INFO org.apache.hadoop.yarn.server.resourcemanager.ResourceManager: Transitioned to standby state
2019-04-23 19:42:54,907 INFO org.apache.hadoop.yarn.server.resourcemanager.ResourceManager: SHUTDOWN_MSG: 
/************************************************************
SHUTDOWN_MSG: Shutting down ResourceManager at master/192.168.178.37
************************************************************/
